<?xml version="1.0" encoding="utf-8"?><testsuites><testsuite name="pytest" errors="2" failures="0" skipped="0" tests="2" time="0.962" timestamp="2021-08-23T00:09:57.237831" hostname="DESKTOP-IMUN4GJ"><testcase classname="" name="test_ecomm" time="0.000"><error message="collection failure">ImportError while importing test module 'C:\Users\user\PycharmProjects\pythonProject\Sel_PythonFramework\testfiles\test_ecomm.py'.
Hint: make sure your test modules/packages have valid Python names.
Traceback:
..\..\..\..\AppData\Local\Programs\Python\Python39\lib\importlib\__init__.py:127: in import_module
    return _bootstrap._gcd_import(name[level:], package, level)
test_ecomm.py:9: in &lt;module&gt;
    from testpageobjects.test_checkout import Checkout
E   ModuleNotFoundError: No module named 'testpageobjects'</error></testcase><testcase classname="" name="test_homepage" time="0.000"><error message="collection failure">ImportError while importing test module 'C:\Users\user\PycharmProjects\pythonProject\Sel_PythonFramework\testfiles\test_homepage.py'.
Hint: make sure your test modules/packages have valid Python names.
Traceback:
..\..\..\..\AppData\Local\Programs\Python\Python39\lib\importlib\__init__.py:127: in import_module
    return _bootstrap._gcd_import(name[level:], package, level)
test_homepage.py:3: in &lt;module&gt;
    from testbaseutils.test_baseutil import UtilsTest
E   ModuleNotFoundError: No module named 'testbaseutils'</error></testcase></testsuite></testsuites>